<?xml version="1.0" encoding="UTF-8"?>
<!-- Generated by org.testng.reporters.JUnitReportReporter -->
<testsuite hostname="LAPTOP-DU0JBF3V" failures="0" tests="3" name="testNG.TestNG1" time="0.019" errors="0" timestamp="2025-01-10T17:03:36 IST" skipped="0">
  <testcase classname="testNG.TestNG1" name="A1" time="0.004"/>
  <system-out/>
  <testcase classname="testNG.TestNG1" name="a1" time="0.004"/>
  <system-out/>
  <testcase classname="testNG.TestNG1" name="a2" time="0.011"/>
  <system-out/>
</testsuite> <!-- testNG.TestNG1 -->
