<?xml version="1.0" encoding="UTF-8"?>
<!-- Generated by org.testng.reporters.JUnitReportReporter -->
<testsuite hostname="LAPTOP-DU0JBF3V" failures="0" tests="3" name="seleniumPractice.TestngPractice" time="0.031" errors="0" timestamp="2025-01-08T12:54:03 IST" skipped="0">
  <testcase classname="seleniumPractice.TestngPractice" name="A1" time="0.011"/>
  <system-out/>
  <testcase classname="seleniumPractice.TestngPractice" name="a1" time="0.011"/>
  <system-out/>
  <testcase classname="seleniumPractice.TestngPractice" name="a2" time="0.009"/>
  <system-out/>
</testsuite> <!-- seleniumPractice.TestngPractice -->
