<?xml version="1.0" encoding="UTF-8"?>
<!-- Generated by org.testng.reporters.JUnitReportReporter -->
<testsuite hostname="LAPTOP-DU0JBF3V" failures="0" tests="1" name="seleniumPackage.TestNH1" time="0.009" errors="0" timestamp="2025-01-08T12:54:03 IST" skipped="0">
  <testcase classname="seleniumPackage.TestNH1" name="a" time="0.009"/>
  <system-out/>
</testsuite> <!-- seleniumPackage.TestNH1 -->
