<?xml version="1.0" encoding="UTF-8"?>
<!-- Generated by org.testng.reporters.JUnitReportReporter -->
<testsuite hostname="LAPTOP-DU0JBF3V" failures="0" tests="4" name="testNG.TestNG2" time="0.040" errors="0" timestamp="2025-01-10T17:03:36 IST" skipped="0">
  <testcase classname="testNG.TestNG2" name="a1" time="0.024"/>
  <system-out/>
  <testcase classname="testNG.TestNG2" name="z" time="0.009"/>
  <system-out/>
  <testcase classname="testNG.TestNG2" name="a3" time="0.000"/>
  <system-out/>
  <testcase classname="testNG.TestNG2" name="ab" time="0.007"/>
  <system-out/>
</testsuite> <!-- testNG.TestNG2 -->
