<?xml version="1.0" encoding="UTF-8"?>
<!-- Generated by org.testng.reporters.JUnitReportReporter -->
<testsuite hostname="LAPTOP-DU0JBF3V" failures="0" tests="1" name="testNG.SampleClass" time="0.002" errors="0" timestamp="2025-01-08T12:54:03 IST" skipped="0">
  <testcase classname="testNG.SampleClass" name="t1" time="0.002"/>
  <system-out/>
</testsuite> <!-- testNG.SampleClass -->
