<?xml version="1.0" encoding="UTF-8"?>
<!-- Generated by org.testng.reporters.JUnitReportReporter -->
<testsuite hostname="LAPTOP-DU0JBF3V" failures="0" tests="1" name="withoutPageFactory.LoginTest" time="4.450" errors="0" timestamp="2025-01-23T13:58:51 IST" skipped="0">
  <testcase classname="withoutPageFactory.LoginTest" name="testLogin" time="4.450"/>
  <system-out/>
</testsuite> <!-- withoutPageFactory.LoginTest -->
