<?xml version="1.0" encoding="UTF-8"?>
<!-- Generated by org.testng.reporters.JUnitReportReporter -->
<testsuite hostname="LAPTOP-DU0JBF3V" failures="0" tests="1" name="testNG.Assertion3" time="0.024" errors="0" timestamp="2025-01-09T10:40:12 IST" skipped="0">
  <testcase classname="testNG.Assertion3" name="testCase2" time="0.024"/>
  <system-out/>
</testsuite> <!-- testNG.Assertion3 -->
