<?xml version="1.0" encoding="UTF-8"?>
<!-- Generated by org.testng.reporters.JUnitReportReporter -->
<testsuite hostname="LAPTOP-DU0JBF3V" failures="0" tests="1" name="withPageFactory.LoginTest" time="1.087" errors="0" timestamp="2025-01-23T15:27:44 IST" skipped="0">
  <testcase classname="withPageFactory.LoginTest" name="testLogin" time="1.087"/>
  <system-out/>
</testsuite> <!-- withPageFactory.LoginTest -->
