<?xml version="1.0" encoding="UTF-8"?>
<!-- Generated by org.testng.reporters.JUnitReportReporter -->
<testsuite hostname="LAPTOP-DU0JBF3V" failures="0" tests="5" name="testNG.TestNG4" time="0.022" errors="0" timestamp="2025-01-10T17:03:36 IST" skipped="2">
  <testcase classname="testNG.TestNG4" name="d" time="0.002"/>
  <system-out/>
  <testcase classname="testNG.TestNG4" name="d" time="0.011"/>
  <system-out/>
  <testcase classname="testNG.TestNG4" name="f" time="0.009">
    <skipped/>
  </testcase> <!-- f -->
  <system-out/>
  <testcase classname="testNG.TestNG4" name="c" time="0.000"/>
  <system-out/>
  <testcase classname="testNG.TestNG4" name="b">
    <skipped/>
  </testcase> <!-- b -->
  <system-out/>
</testsuite> <!-- testNG.TestNG4 -->
