<?xml version="1.0" encoding="UTF-8"?>
<!-- Generated by org.testng.reporters.JUnitReportReporter -->
<testsuite hostname="LAPTOP-DU0JBF3V" failures="0" tests="1" name="testNG.Assertion1" time="2.788" errors="0" timestamp="2025-01-09T09:57:37 IST" skipped="0">
  <testcase classname="testNG.Assertion1" name="testCase1" time="2.788"/>
  <system-out/>
</testsuite> <!-- testNG.Assertion1 -->
