<?xml version="1.0" encoding="UTF-8"?>
<!-- Generated by org.testng.reporters.JUnitReportReporter -->
<testsuite hostname="LAPTOP-DU0JBF3V" failures="0" tests="4" name="testNG.TestNG3" time="0.016" errors="0" timestamp="2025-01-10T17:03:36 IST" skipped="0">
  <testcase classname="testNG.TestNG3" name="a" time="0.004"/>
  <system-out/>
  <testcase classname="testNG.TestNG3" name="d" time="0.008"/>
  <system-out/>
  <testcase classname="testNG.TestNG3" name="c" time="0.004"/>
  <system-out/>
  <testcase classname="testNG.TestNG3" name="b" time="0.000"/>
  <system-out/>
</testsuite> <!-- testNG.TestNG3 -->
