<?xml version="1.0" encoding="UTF-8"?>
<!-- Generated by org.testng.reporters.JUnitReportReporter -->
<testsuite hostname="LAPTOP-DU0JBF3V" failures="0" tests="4" name="testNG.TestNG5" time="0.009" errors="0" timestamp="2025-01-10T17:03:36 IST" skipped="1">
  <testcase classname="testNG.TestNG5" name="c" time="0.002"/>
  <system-out/>
  <testcase classname="testNG.TestNG5" name="a" time="0.000"/>
  <system-out/>
  <testcase classname="testNG.TestNG5" name="d" time="0.007"/>
  <system-out/>
  <testcase classname="testNG.TestNG5" name="b">
    <skipped/>
  </testcase> <!-- b -->
  <system-out/>
</testsuite> <!-- testNG.TestNG5 -->
