<?xml version="1.0" encoding="UTF-8"?>
<!-- Generated by org.testng.reporters.JUnitReportReporter -->
<testsuite hostname="LAPTOP-DU0JBF3V" failures="0" tests="3" name="seleniumPractice.TestNG1" time="0.021" errors="0" timestamp="2025-01-08T12:54:03 IST" skipped="0">
  <testcase classname="seleniumPractice.TestNG1" name="e" time="0.003"/>
  <system-out/>
  <testcase classname="seleniumPractice.TestNG1" name="a" time="0.011"/>
  <system-out/>
  <testcase classname="seleniumPractice.TestNG1" name="f" time="0.007"/>
  <system-out/>
</testsuite> <!-- seleniumPractice.TestNG1 -->
