<?xml version="1.0" encoding="UTF-8"?>
<!-- Generated by org.testng.reporters.JUnitReportReporter -->
<testsuite hostname="LAPTOP-DU0JBF3V" failures="0" tests="1" name="com.automationExercise.testCases.TC_001_HomePageTest" time="2.656" errors="0" timestamp="20 Mar 2025 07:31:34 GMT" skipped="0">
  <testcase classname="com.automationExercise.testCases.TC_001_HomePageTest" name="verifyHomePageDisplayed" time="2.656"/>
</testsuite> <!-- com.automationExercise.testCases.TC_001_HomePageTest -->
