<?xml version="1.0" encoding="UTF-8"?>
<!-- Generated by org.testng.reporters.JUnitReportReporter -->
<testsuite hostname="LAPTOP-DU0JBF3V" failures="0" tests="1" name="com.automationExercise.testCases.TC_008_TestCaseModule" time="2.498" errors="0" timestamp="19 Feb 2025 06:21:40 GMT" skipped="0">
  <testcase classname="com.automationExercise.testCases.TC_008_TestCaseModule" name="verifyTCDisplayed" time="2.498"/>
</testsuite> <!-- com.automationExercise.testCases.TC_008_TestCaseModule -->
