<?xml version="1.0" encoding="UTF-8"?>
<!-- Generated by org.testng.reporters.JUnitReportReporter -->
<testsuite hostname="LAPTOP-DU0JBF3V" failures="0" tests="1" name="com.automationExercise.testCases.TC_006_RegisterUserWithexistingEmail" time="11.354" errors="0" timestamp="19 Feb 2025 06:21:40 GMT" skipped="0">
  <testcase classname="com.automationExercise.testCases.TC_006_RegisterUserWithexistingEmail" name="verifyRegisterWithExistingEmail" time="11.354"/>
</testsuite> <!-- com.automationExercise.testCases.TC_006_RegisterUserWithexistingEmail -->
